#
# There is insufficient memory for the Java Runtime Environment to continue.
# Native memory allocation (malloc) failed to allocate 297376 bytes for Chunk::new
# Possible reasons:
#   The system is out of physical RAM or swap space
#   The process is running with CompressedOops enabled, and the Java Heap may be blocking the growth of the native heap
# Possible solutions:
#   Reduce memory load on the system
#   Increase physical memory or swap space
#   Check if swap backing store is full
#   Decrease Java heap size (-Xmx/-Xms)
#   Decrease number of Java threads
#   Decrease Java thread stack sizes (-Xss)
#   Set larger code cache with -XX:ReservedCodeCacheSize=
#   JVM is running with Zero Based Compressed Oops mode in which the Java heap is
#     placed in the first 32GB address space. The Java Heap base address is the
#     maximum limit for the native heap growth. Please use -XX:HeapBaseMinAddress
#     to set the Java Heap base and to place the Java Heap above 32GB virtual address.
# This output file may be truncated or incomplete.
#
#  Out of Memory Error (allocation.cpp:389), pid=1452, tid=0x0000000000002690
#
# JRE version: Java(TM) SE Runtime Environment (8.0_231-b11) (build 1.8.0_231-b11)
# Java VM: Java HotSpot(TM) 64-Bit Server VM (25.231-b11 mixed mode windows-amd64 compressed oops)
# Failed to write core dump. Minidumps are not enabled by default on client versions of Windows
#

---------------  T H R E A D  ---------------

Current thread (0x000000001e139000):  JavaThread "C2 CompilerThread0" daemon [_thread_in_native, id=9872, stack(0x000000001e870000,0x000000001e970000)]

Stack: [0x000000001e870000,0x000000001e970000]
[error occurred during error reporting (printing stack bounds), id 0xc0000005]

Native frames: (J=compiled Java code, j=interpreted, Vv=VM code, C=native code)


Current CompileTask:
C2:  19396 6618   !   4       com.sun.org.apache.xerces.internal.impl.XMLDocumentFragmentScannerImpl$FragmentContentDriver::next (2346 bytes)


---------------  P R O C E S S  ---------------

Java Threads: ( => current thread )
  0x000000001ee71000 JavaThread "Camunda Metrics Reporter" daemon [_thread_blocked, id=23312, stack(0x0000000026060000,0x0000000026160000)]
  0x0000000020ba1000 JavaThread "container-0" [_thread_blocked, id=4920, stack(0x00000000263a0000,0x00000000264a0000)]
  0x000000001fd50000 JavaThread "Catalina-utility-2" [_thread_blocked, id=15396, stack(0x0000000025960000,0x0000000025a60000)]
  0x0000000023305000 JavaThread "Catalina-utility-1" [_thread_blocked, id=10680, stack(0x0000000024630000,0x0000000024730000)]
  0x000000002327a800 JavaThread "FetchAndLockHandlerImpl" [_thread_blocked, id=3572, stack(0x000000001ed70000,0x000000001ee70000)]
  0x000000001e1b3000 JavaThread "Service Thread" daemon [_thread_blocked, id=22044, stack(0x000000001eb70000,0x000000001ec70000)]
  0x000000001e194800 JavaThread "C1 CompilerThread2" daemon [_thread_in_native, id=12404, stack(0x000000001ea70000,0x000000001eb70000)]
  0x000000001e13a000 JavaThread "C2 CompilerThread1" daemon [_thread_in_native, id=18400, stack(0x000000001e970000,0x000000001ea70000)]
=>0x000000001e139000 JavaThread "C2 CompilerThread0" daemon [_thread_in_native, id=9872, stack(0x000000001e870000,0x000000001e970000)]
  0x000000001e132800 JavaThread "Monitor Ctrl-Break" daemon [_thread_in_native, id=17160, stack(0x000000001e770000,0x000000001e870000)]
  0x000000001c534000 JavaThread "Attach Listener" daemon [_thread_blocked, id=8304, stack(0x000000001da70000,0x000000001db70000)]
  0x000000001c533000 JavaThread "Signal Dispatcher" daemon [_thread_blocked, id=3228, stack(0x000000001d970000,0x000000001da70000)]
  0x000000001c50f800 JavaThread "Finalizer" daemon [_thread_blocked, id=2800, stack(0x000000001d770000,0x000000001d870000)]
  0x000000001c508800 JavaThread "Reference Handler" daemon [_thread_blocked, id=15444, stack(0x000000001d670000,0x000000001d770000)]
  0x0000000002dc3000 JavaThread "main" [_thread_in_Java, id=2832, stack(0x0000000002cc0000,0x0000000002dc0000)]

Other Threads:
  0x000000001c4e7000 VMThread [stack: 0x000000001d570000,0x000000001d670000] [id=19000]
  0x000000001e254000 WatcherThread [stack: 0x000000001ec70000,0x000000001ed70000] [id=16092]

VM state:not at safepoint (normal execution)

VM Mutex/Monitor currently owned by a thread: None

heap address: 0x00000006c2600000, size: 4058 MB, Compressed Oops mode: Zero based, Oop shift amount: 3
Narrow klass base: 0x0000000000000000, Narrow klass shift: 3
Compressed class space size: 1073741824 Address: 0x00000007c0000000

Heap:
 PSYoungGen      total 463360K, used 40652K [0x000000076b780000, 0x0000000788e80000, 0x00000007c0000000)
  eden space 444416K, 9% used [0x000000076b780000,0x000000076df33388,0x0000000786980000)
  from space 18944K, 0% used [0x0000000786980000,0x0000000786980000,0x0000000787c00000)
  to   space 13312K, 0% used [0x0000000788180000,0x0000000788180000,0x0000000788e80000)
 ParOldGen       total 157696K, used 73513K [0x00000006c2600000, 0x00000006cc000000, 0x000000076b780000)
  object space 157696K, 46% used [0x00000006c2600000,0x00000006c6dca6a0,0x00000006cc000000)
 Metaspace       used 59271K, capacity 61370K, committed 61720K, reserved 1103872K
  class space    used 7508K, capacity 7864K, committed 7968K, reserved 1048576K

Card table byte_map: [0x0000000012380000,0x0000000012b70000] byte_map_base: 0x000000000ed6d000

Marking Bits: (ParMarkBitMap*) 0x000000006bae6d90
 Begin Bits: [0x00000000134c0000, 0x0000000017428000)
 End Bits:   [0x0000000017428000, 0x000000001b390000)

Polling page: 0x0000000000bf0000

CodeCache: size=245760Kb used=22298Kb max_used=22298Kb free=223461Kb
 bounds [0x0000000002fc0000, 0x00000000045a0000, 0x0000000011fc0000]
 total_blobs=6575 nmethods=6041 adapters=445
 compilation: enabled

Compilation events (10 events):
Event: 19.387 Thread 0x000000001e194800 nmethod 6700 0x0000000004595090 code [0x0000000004595240, 0x00000000045957a8]
Event: 19.387 Thread 0x000000001e194800 6699       3       com.sun.org.apache.xerces.internal.util.URI::isValidServerBasedAuthority (123 bytes)
Event: 19.389 Thread 0x000000001e194800 nmethod 6699 0x0000000004595a50 code [0x0000000004595ca0, 0x0000000004596c78]
Event: 19.393 Thread 0x000000001e194800 6701       3       com.sun.org.apache.xerces.internal.impl.dv.xs.TypeValidator::getDataLength (19 bytes)
Event: 19.393 Thread 0x000000001e194800 nmethod 6701 0x0000000004597510 code [0x0000000004597680, 0x0000000004597af0]
Event: 19.393 Thread 0x000000001e194800 6702       3       com.sun.org.apache.xerces.internal.impl.dv.xs.BooleanDV::getActualValue (89 bytes)
Event: 19.393 Thread 0x000000001e194800 nmethod 6702 0x0000000004597c10 code [0x0000000004597e00, 0x00000000045987c8]
Event: 19.394 Thread 0x000000001e194800 6703       3       com.sun.org.apache.xerces.internal.impl.xs.opti.ElementImpl::getPreviousSibling (30 bytes)
Event: 19.395 Thread 0x000000001e194800 nmethod 6703 0x0000000004598ad0 code [0x0000000004598c40, 0x0000000004598e50]
Event: 19.395 Thread 0x000000001e194800 6704       3       com.sun.org.apache.xerces.internal.impl.xs.models.XSDFACM::startContentModel (37 bytes)

GC Heap History (10 events):
Event: 14.850 GC heap before
{Heap before GC invocations=14 (full 2):
 PSYoungGen      total 327168K, used 313842K [0x000000076b780000, 0x0000000789480000, 0x00000007c0000000)
  eden space 307712K, 100% used [0x000000076b780000,0x000000077e400000,0x000000077e400000)
  from space 19456K, 31% used [0x000000077e400000,0x000000077e9fc818,0x000000077f700000)
  to   space 19456K, 0% used [0x0000000788180000,0x0000000788180000,0x0000000789480000)
 ParOldGen       total 157696K, used 36013K [0x00000006c2600000, 0x00000006cc000000, 0x000000076b780000)
  object space 157696K, 22% used [0x00000006c2600000,0x00000006c492b658,0x00000006cc000000)
 Metaspace       used 49038K, capacity 50722K, committed 50984K, reserved 1093632K
  class space    used 6302K, capacity 6612K, committed 6704K, reserved 1048576K
Event: 14.856 GC heap after
Heap after GC invocations=14 (full 2):
 PSYoungGen      total 457728K, used 5728K [0x000000076b780000, 0x0000000788e80000, 0x00000007c0000000)
  eden space 444416K, 0% used [0x000000076b780000,0x000000076b780000,0x0000000786980000)
  from space 13312K, 43% used [0x0000000788180000,0x0000000788718000,0x0000000788e80000)
  to   space 18944K, 0% used [0x0000000786980000,0x0000000786980000,0x0000000787c00000)
 ParOldGen       total 157696K, used 36647K [0x00000006c2600000, 0x00000006cc000000, 0x000000076b780000)
  object space 157696K, 23% used [0x00000006c2600000,0x00000006c49c9e70,0x00000006cc000000)
 Metaspace       used 49038K, capacity 50722K, committed 50984K, reserved 1093632K
  class space    used 6302K, capacity 6612K, committed 6704K, reserved 1048576K
}
Event: 15.360 GC heap before
{Heap before GC invocations=15 (full 2):
 PSYoungGen      total 457728K, used 450144K [0x000000076b780000, 0x0000000788e80000, 0x00000007c0000000)
  eden space 444416K, 100% used [0x000000076b780000,0x0000000786980000,0x0000000786980000)
  from space 13312K, 43% used [0x0000000788180000,0x0000000788718000,0x0000000788e80000)
  to   space 18944K, 0% used [0x0000000786980000,0x0000000786980000,0x0000000787c00000)
 ParOldGen       total 157696K, used 36647K [0x00000006c2600000, 0x00000006cc000000, 0x000000076b780000)
  object space 157696K, 23% used [0x00000006c2600000,0x00000006c49c9e70,0x00000006cc000000)
 Metaspace       used 49080K, capacity 50722K, committed 50984K, reserved 1093632K
  class space    used 6309K, capacity 6612K, committed 6704K, reserved 1048576K
Event: 15.368 GC heap after
Heap after GC invocations=15 (full 2):
 PSYoungGen      total 463360K, used 6688K [0x000000076b780000, 0x0000000788e80000, 0x00000007c0000000)
  eden space 444416K, 0% used [0x000000076b780000,0x000000076b780000,0x0000000786980000)
  from space 18944K, 35% used [0x0000000786980000,0x0000000787008000,0x0000000787c00000)
  to   space 13312K, 0% used [0x0000000788180000,0x0000000788180000,0x0000000788e80000)
 ParOldGen       total 157696K, used 36711K [0x00000006c2600000, 0x00000006cc000000, 0x000000076b780000)
  object space 157696K, 23% used [0x00000006c2600000,0x00000006c49d9e70,0x00000006cc000000)
 Metaspace       used 49080K, capacity 50722K, committed 50984K, reserved 1093632K
  class space    used 6309K, capacity 6612K, committed 6704K, reserved 1048576K
}
Event: 15.920 GC heap before
{Heap before GC invocations=16 (full 2):
 PSYoungGen      total 463360K, used 451104K [0x000000076b780000, 0x0000000788e80000, 0x00000007c0000000)
  eden space 444416K, 100% used [0x000000076b780000,0x0000000786980000,0x0000000786980000)
  from space 18944K, 35% used [0x0000000786980000,0x0000000787008000,0x0000000787c00000)
  to   space 13312K, 0% used [0x0000000788180000,0x0000000788180000,0x0000000788e80000)
 ParOldGen       total 157696K, used 36711K [0x00000006c2600000, 0x00000006cc000000, 0x000000076b780000)
  object space 157696K, 23% used [0x00000006c2600000,0x00000006c49d9e70,0x00000006cc000000)
 Metaspace       used 49263K, capacity 50946K, committed 51240K, reserved 1093632K
  class space    used 6333K, capacity 6644K, committed 6704K, reserved 1048576K
Event: 15.962 GC heap after
Heap after GC invocations=16 (full 2):
 PSYoungGen      total 457728K, used 13312K [0x000000076b780000, 0x0000000788e80000, 0x00000007c0000000)
  eden space 444416K, 0% used [0x000000076b780000,0x000000076b780000,0x0000000786980000)
  from space 13312K, 100% used [0x0000000788180000,0x0000000788e80000,0x0000000788e80000)
  to   space 18944K, 0% used [0x0000000786980000,0x0000000786980000,0x0000000787c00000)
 ParOldGen       total 157696K, used 55709K [0x00000006c2600000, 0x00000006cc000000, 0x000000076b780000)
  object space 157696K, 35% used [0x00000006c2600000,0x00000006c5c677e8,0x00000006cc000000)
 Metaspace       used 49263K, capacity 50946K, committed 51240K, reserved 1093632K
  class space    used 6333K, capacity 6644K, committed 6704K, reserved 1048576K
}
Event: 18.227 GC heap before
{Heap before GC invocations=17 (full 2):
 PSYoungGen      total 457728K, used 246874K [0x000000076b780000, 0x0000000788e80000, 0x00000007c0000000)
  eden space 444416K, 52% used [0x000000076b780000,0x0000000779b96b98,0x0000000786980000)
  from space 13312K, 100% used [0x0000000788180000,0x0000000788e80000,0x0000000788e80000)
  to   space 18944K, 0% used [0x0000000786980000,0x0000000786980000,0x0000000787c00000)
 ParOldGen       total 157696K, used 55709K [0x00000006c2600000, 0x00000006cc000000, 0x000000076b780000)
  object space 157696K, 35% used [0x00000006c2600000,0x00000006c5c677e8,0x00000006cc000000)
 Metaspace       used 56930K, capacity 58996K, committed 59160K, reserved 1101824K
  class space    used 7265K, capacity 7607K, committed 7712K, reserved 1048576K
Event: 18.261 GC heap after
Heap after GC invocations=17 (full 2):
 PSYoungGen      total 463360K, used 13707K [0x000000076b780000, 0x0000000788e80000, 0x00000007c0000000)
  eden space 444416K, 0% used [0x000000076b780000,0x000000076b780000,0x0000000786980000)
  from space 18944K, 72% used [0x0000000786980000,0x00000007876e2fe8,0x0000000787c00000)
  to   space 13312K, 0% used [0x0000000788180000,0x0000000788180000,0x0000000788e80000)
 ParOldGen       total 157696K, used 69173K [0x00000006c2600000, 0x00000006cc000000, 0x000000076b780000)
  object space 157696K, 43% used [0x00000006c2600000,0x00000006c698d7e8,0x00000006cc000000)
 Metaspace       used 56930K, capacity 58996K, committed 59160K, reserved 1101824K
  class space    used 7265K, capacity 7607K, committed 7712K, reserved 1048576K
}
Event: 18.261 GC heap before
{Heap before GC invocations=18 (full 3):
 PSYoungGen      total 463360K, used 13707K [0x000000076b780000, 0x0000000788e80000, 0x00000007c0000000)
  eden space 444416K, 0% used [0x000000076b780000,0x000000076b780000,0x0000000786980000)
  from space 18944K, 72% used [0x0000000786980000,0x00000007876e2fe8,0x0000000787c00000)
  to   space 13312K, 0% used [0x0000000788180000,0x0000000788180000,0x0000000788e80000)
 ParOldGen       total 157696K, used 69173K [0x00000006c2600000, 0x00000006cc000000, 0x000000076b780000)
  object space 157696K, 43% used [0x00000006c2600000,0x00000006c698d7e8,0x00000006cc000000)
 Metaspace       used 56930K, capacity 58996K, committed 59160K, reserved 1101824K
  class space    used 7265K, capacity 7607K, committed 7712K, reserved 1048576K
Event: 18.692 GC heap after
Heap after GC invocations=18 (full 3):
 PSYoungGen      total 463360K, used 0K [0x000000076b780000, 0x0000000788e80000, 0x00000007c0000000)
  eden space 444416K, 0% used [0x000000076b780000,0x000000076b780000,0x0000000786980000)
  from space 18944K, 0% used [0x0000000786980000,0x0000000786980000,0x0000000787c00000)
  to   space 13312K, 0% used [0x0000000788180000,0x0000000788180000,0x0000000788e80000)
 ParOldGen       total 157696K, used 73513K [0x00000006c2600000, 0x00000006cc000000, 0x000000076b780000)
  object space 157696K, 46% used [0x00000006c2600000,0x00000006c6dca6a0,0x00000006cc000000)
 Metaspace       used 56930K, capacity 58996K, committed 59160K, reserved 1101824K
  class space    used 7265K, capacity 7607K, committed 7712K, reserved 1048576K
}

Deoptimization events (10 events):
Event: 18.805 Thread 0x0000000002dc3000 Uncommon trap: reason=class_check action=maybe_recompile pc=0x0000000003f74574 method=com.sun.org.apache.xerces.internal.impl.XMLDocumentFragmentScannerImpl$FragmentContentDriver.next()I @ 2223
Event: 18.810 Thread 0x0000000002dc3000 Uncommon trap: reason=class_check action=maybe_recompile pc=0x0000000003f74574 method=com.sun.org.apache.xerces.internal.impl.XMLDocumentFragmentScannerImpl$FragmentContentDriver.next()I @ 2223
Event: 18.811 Thread 0x0000000002dc3000 Uncommon trap: reason=class_check action=maybe_recompile pc=0x0000000003f74584 method=com.sun.org.apache.xerces.internal.impl.XMLDocumentFragmentScannerImpl$FragmentContentDriver.next()I @ 439
Event: 18.811 Thread 0x0000000002dc3000 Uncommon trap: reason=class_check action=maybe_recompile pc=0x0000000003f74584 method=com.sun.org.apache.xerces.internal.impl.XMLDocumentFragmentScannerImpl$FragmentContentDriver.next()I @ 439
Event: 19.006 Thread 0x0000000002dc3000 Uncommon trap: reason=unstable_if action=reinterpret pc=0x0000000003d49bc0 method=java.util.HashMap.putVal(ILjava/lang/Object;Ljava/lang/Object;ZZ)Ljava/lang/Object; @ 162
Event: 19.105 Thread 0x0000000002dc3000 Uncommon trap: reason=unstable_if action=reinterpret pc=0x0000000003eb0a7c method=java.util.HashMap.putVal(ILjava/lang/Object;Ljava/lang/Object;ZZ)Ljava/lang/Object; @ 162
Event: 19.251 Thread 0x0000000002dc3000 Uncommon trap: reason=bimorphic action=maybe_recompile pc=0x000000000451af04 method=com.sun.org.apache.xerces.internal.impl.XMLDocumentFragmentScannerImpl.scanEndElement()I @ 145
Event: 19.251 Thread 0x0000000002dc3000 Uncommon trap: reason=bimorphic action=maybe_recompile pc=0x000000000451af04 method=com.sun.org.apache.xerces.internal.impl.XMLDocumentFragmentScannerImpl.scanEndElement()I @ 145
Event: 19.252 Thread 0x0000000002dc3000 Uncommon trap: reason=bimorphic action=maybe_recompile pc=0x000000000451af04 method=com.sun.org.apache.xerces.internal.impl.XMLDocumentFragmentScannerImpl.scanEndElement()I @ 145
Event: 19.252 Thread 0x0000000002dc3000 Uncommon trap: reason=bimorphic action=maybe_recompile pc=0x000000000451af04 method=com.sun.org.apache.xerces.internal.impl.XMLDocumentFragmentScannerImpl.scanEndElement()I @ 145

Classes redefined (0 events):
No events

Internal exceptions (10 events):
Event: 17.448 Thread 0x0000000002dc3000 Exception <a 'java/lang/ClassNotFoundException': org/springframework/web/servlet/config/annotation/DelegatingWebMvcConfigurationCustomizer> (0x00000007771c74e8) thrown at [C:\re\workspace\8-2-build-windows-amd64-cygwin\jdk8u231\13620\hotspot\src\share\vm\
Event: 17.450 Thread 0x0000000002dc3000 Exception <a 'java/lang/ClassNotFoundException': org/springframework/boot/autoconfigure/web/servlet/WebMvcAutoConfiguration$EnableWebMvcConfigurationCustomizer> (0x0000000777204618) thrown at [C:\re\workspace\8-2-build-windows-amd64-cygwin\jdk8u231\13620\
Event: 17.451 Thread 0x0000000002dc3000 Exception <a 'java/lang/ClassNotFoundException': org/springframework/context/ResourceLoaderAwareCustomizer> (0x0000000777236a98) thrown at [C:\re\workspace\8-2-build-windows-amd64-cygwin\jdk8u231\13620\hotspot\src\share\vm\classfile\systemDictionary.cpp, 
Event: 17.452 Thread 0x0000000002dc3000 Exception <a 'java/lang/ClassNotFoundException': org/springframework/beans/factory/AwareCustomizer> (0x00000007772554a0) thrown at [C:\re\workspace\8-2-build-windows-amd64-cygwin\jdk8u231\13620\hotspot\src\share\vm\classfile\systemDictionary.cpp, line 210
Event: 17.453 Thread 0x0000000002dc3000 Exception <a 'java/lang/ClassNotFoundException': org/springframework/context/ApplicationContextAwareCustomizer> (0x0000000777278768) thrown at [C:\re\workspace\8-2-build-windows-amd64-cygwin\jdk8u231\13620\hotspot\src\share\vm\classfile\systemDictionary.c
Event: 17.454 Thread 0x0000000002dc3000 Exception <a 'java/lang/ClassNotFoundException': org/springframework/beans/factory/AwareCustomizer> (0x0000000777297778) thrown at [C:\re\workspace\8-2-build-windows-amd64-cygwin\jdk8u231\13620\hotspot\src\share\vm\classfile\systemDictionary.cpp, line 210
Event: 17.454 Thread 0x0000000002dc3000 Exception <a 'java/lang/ClassNotFoundException': org/springframework/web/context/ServletContextAwareCustomizer> (0x00000007772ba9e0) thrown at [C:\re\workspace\8-2-build-windows-amd64-cygwin\jdk8u231\13620\hotspot\src\share\vm\classfile\systemDictionary.c
Event: 17.455 Thread 0x0000000002dc3000 Exception <a 'java/lang/ClassNotFoundException': org/springframework/beans/factory/AwareCustomizer> (0x00000007772d9460) thrown at [C:\re\workspace\8-2-build-windows-amd64-cygwin\jdk8u231\13620\hotspot\src\share\vm\classfile\systemDictionary.cpp, line 210
Event: 17.700 Thread 0x0000000002dc3000 Exception <a 'java/lang/IncompatibleClassChangeError': Found class java.lang.Object, but interface was expected> (0x0000000777fb5e20) thrown at [C:\re\workspace\8-2-build-windows-amd64-cygwin\jdk8u231\13620\hotspot\src\share\vm\interpreter\linkResolver.cp
Event: 18.100 Thread 0x0000000002dc3000 Implicit null exception at 0x00000000031a34a9 to 0x00000000031a36b5

Events (10 events):
Event: 19.316 loading class org/camunda/bpm/engine/impl/juel/AstUnary$3
Event: 19.316 loading class org/camunda/bpm/engine/impl/juel/AstUnary$3 done
Event: 19.369 loading class org/camunda/bpm/engine/impl/core/variable/mapping/InputParameter
Event: 19.369 loading class org/camunda/bpm/engine/impl/core/variable/mapping/InputParameter done
Event: 19.369 loading class org/camunda/bpm/engine/impl/core/variable/mapping/IoParameter
Event: 19.369 loading class org/camunda/bpm/engine/impl/core/variable/mapping/IoParameter done
Event: 19.370 loading class org/camunda/connect/plugin/impl/ServiceTaskConnectorActivityBehavior
Event: 19.370 loading class org/camunda/connect/plugin/impl/ServiceTaskConnectorActivityBehavior done
Event: 19.371 loading class org/camunda/connect/plugin/impl/ConnectorVariableScope
Event: 19.371 loading class org/camunda/connect/plugin/impl/ConnectorVariableScope done


Dynamic libraries:
0x00007ff60d490000 - 0x00007ff60d4c7000 	C:\Program Files\Java\jdk1.8.0_231\bin\java.exe
0x00007ff84bc00000 - 0x00007ff84bdf0000 	C:\WINDOWS\SYSTEM32\ntdll.dll
0x00007ff84ba70000 - 0x00007ff84bb22000 	C:\WINDOWS\System32\KERNEL32.DLL
0x00007ff848c20000 - 0x00007ff848ec4000 	C:\WINDOWS\System32\KERNELBASE.dll
0x00007ff84abc0000 - 0x00007ff84ac63000 	C:\WINDOWS\System32\ADVAPI32.dll
0x00007ff849eb0000 - 0x00007ff849f4e000 	C:\WINDOWS\System32\msvcrt.dll
0x00007ff84b9d0000 - 0x00007ff84ba67000 	C:\WINDOWS\System32\sechost.dll
0x00007ff84acd0000 - 0x00007ff84adf0000 	C:\WINDOWS\System32\RPCRT4.dll
0x00007ff84a870000 - 0x00007ff84aa05000 	C:\WINDOWS\System32\USER32.dll
0x00007ff8498c0000 - 0x00007ff8498e1000 	C:\WINDOWS\System32\win32u.dll
0x00007ff849e80000 - 0x00007ff849ea6000 	C:\WINDOWS\System32\GDI32.dll
0x00007ff849940000 - 0x00007ff849ad6000 	C:\WINDOWS\System32\gdi32full.dll
0x00007ff848b80000 - 0x00007ff848c1e000 	C:\WINDOWS\System32\msvcp_win.dll
0x00007ff848fb0000 - 0x00007ff8490aa000 	C:\WINDOWS\System32\ucrtbase.dll
0x00007ff82ae00000 - 0x00007ff82b084000 	C:\WINDOWS\WinSxS\amd64_microsoft.windows.common-controls_6595b64144ccf1df_6.0.18362.1016_none_9e7a36bbe461dae4\COMCTL32.dll
0x00007ff84b690000 - 0x00007ff84b9c5000 	C:\WINDOWS\System32\combase.dll
0x00007ff849c30000 - 0x00007ff849cb0000 	C:\WINDOWS\System32\bcryptPrimitives.dll
0x00007ff84bb90000 - 0x00007ff84bbbe000 	C:\WINDOWS\System32\IMM32.DLL
0x000000006bc60000 - 0x000000006bd32000 	C:\Program Files\Java\jdk1.8.0_231\jre\bin\msvcr100.dll
0x000000006b2c0000 - 0x000000006bb66000 	C:\Program Files\Java\jdk1.8.0_231\jre\bin\server\jvm.dll
0x00007ff84b4e0000 - 0x00007ff84b4e8000 	C:\WINDOWS\System32\PSAPI.DLL
0x00007ff832dc0000 - 0x00007ff832dc9000 	C:\WINDOWS\SYSTEM32\WSOCK32.dll
0x00007ff84adf0000 - 0x00007ff84ae5f000 	C:\WINDOWS\System32\WS2_32.dll
0x00007ff845b60000 - 0x00007ff845b84000 	C:\WINDOWS\SYSTEM32\WINMM.dll
0x00007ff8394c0000 - 0x00007ff8394ca000 	C:\WINDOWS\SYSTEM32\VERSION.dll
0x00007ff845b30000 - 0x00007ff845b5d000 	C:\WINDOWS\SYSTEM32\WINMMBASE.dll
0x00007ff8498f0000 - 0x00007ff84993a000 	C:\WINDOWS\System32\cfgmgr32.dll
0x00007ff835200000 - 0x00007ff83520f000 	C:\Program Files\Java\jdk1.8.0_231\jre\bin\verify.dll
0x00007ff8110e0000 - 0x00007ff811109000 	C:\Program Files\Java\jdk1.8.0_231\jre\bin\java.dll
0x00007ff838360000 - 0x00007ff838383000 	C:\Program Files\Java\jdk1.8.0_231\jre\bin\instrument.dll
0x00007ff81ff40000 - 0x00007ff81ff56000 	C:\Program Files\Java\jdk1.8.0_231\jre\bin\zip.dll
0x00007ff849f50000 - 0x00007ff84a637000 	C:\WINDOWS\System32\SHELL32.dll
0x00007ff849d50000 - 0x00007ff849df9000 	C:\WINDOWS\System32\shcore.dll
0x00007ff8490b0000 - 0x00007ff849832000 	C:\WINDOWS\System32\windows.storage.dll
0x00007ff848b30000 - 0x00007ff848b53000 	C:\WINDOWS\System32\profapi.dll
0x00007ff848ae0000 - 0x00007ff848b2a000 	C:\WINDOWS\System32\powrprof.dll
0x00007ff848ab0000 - 0x00007ff848ac0000 	C:\WINDOWS\System32\UMPDC.dll
0x00007ff84ac70000 - 0x00007ff84acc2000 	C:\WINDOWS\System32\shlwapi.dll
0x00007ff848ac0000 - 0x00007ff848ad1000 	C:\WINDOWS\System32\kernel.appcore.dll
0x00007ff849840000 - 0x00007ff849857000 	C:\WINDOWS\System32\cryptsp.dll
0x00007ff838570000 - 0x00007ff83858a000 	C:\Program Files\JetBrains\IntelliJ IDEA Community Edition 2020.1.2\bin\breakgen64.dll
0x00007ff81a030000 - 0x00007ff81a04a000 	C:\Program Files\Java\jdk1.8.0_231\jre\bin\net.dll
0x00007ff8482b0000 - 0x00007ff848317000 	C:\WINDOWS\system32\mswsock.dll
0x00007ff844eb0000 - 0x00007ff844ebd000 	C:\Program Files\Java\jdk1.8.0_231\jre\bin\management.dll
0x00007ff836410000 - 0x00007ff836426000 	C:\WINDOWS\system32\napinsp.dll
0x00007ff8363f0000 - 0x00007ff83640a000 	C:\WINDOWS\system32\pnrpnsp.dll
0x00007ff848000000 - 0x00007ff8480cb000 	C:\WINDOWS\SYSTEM32\DNSAPI.dll
0x00007ff849cd0000 - 0x00007ff849cd8000 	C:\WINDOWS\System32\NSI.dll
0x00007ff847fc0000 - 0x00007ff847ffa000 	C:\WINDOWS\SYSTEM32\IPHLPAPI.DLL
0x00007ff8363e0000 - 0x00007ff8363ee000 	C:\WINDOWS\System32\winrnr.dll
0x00007ff844cb0000 - 0x00007ff844ccc000 	C:\WINDOWS\system32\NLAapi.dll
0x00007ff8363c0000 - 0x00007ff8363d5000 	C:\WINDOWS\system32\wshbth.dll
0x00007ff841bc0000 - 0x00007ff841bca000 	C:\Windows\System32\rasadhlp.dll
0x00007ff842ef0000 - 0x00007ff842f67000 	C:\WINDOWS\System32\fwpuclnt.dll
0x00007ff848ed0000 - 0x00007ff848ef6000 	C:\WINDOWS\System32\bcrypt.dll
0x00007ff812e30000 - 0x00007ff812e42000 	C:\Program Files\Java\jdk1.8.0_231\jre\bin\nio.dll
0x00007ff847e20000 - 0x00007ff847e53000 	C:\WINDOWS\system32\rsaenh.dll
0x00007ff8489a0000 - 0x00007ff8489c5000 	C:\WINDOWS\SYSTEM32\USERENV.dll
0x00007ff8484e0000 - 0x00007ff8484ec000 	C:\WINDOWS\SYSTEM32\CRYPTBASE.dll
0x00007ff843a00000 - 0x00007ff843a16000 	C:\WINDOWS\SYSTEM32\dhcpcsvc6.DLL
0x00007ff8439e0000 - 0x00007ff8439fc000 	C:\WINDOWS\SYSTEM32\dhcpcsvc.DLL
0x00007ff829bc0000 - 0x00007ff829be4000 	C:\Program Files\Java\jdk1.8.0_231\jre\bin\sunec.dll

VM Arguments:
jvm_args: -javaagent:C:\Program Files\JetBrains\IntelliJ IDEA Community Edition 2020.1.2\lib\idea_rt.jar=50898:C:\Program Files\JetBrains\IntelliJ IDEA Community Edition 2020.1.2\bin -Dfile.encoding=UTF-8 
java_command: com.dpoint.tutorial.Main
java_class_path (initial): C:\Program Files\Java\jdk1.8.0_231\jre\lib\charsets.jar;C:\Program Files\Java\jdk1.8.0_231\jre\lib\deploy.jar;C:\Program Files\Java\jdk1.8.0_231\jre\lib\ext\access-bridge-64.jar;C:\Program Files\Java\jdk1.8.0_231\jre\lib\ext\cldrdata.jar;C:\Program Files\Java\jdk1.8.0_231\jre\lib\ext\dnsns.jar;C:\Program Files\Java\jdk1.8.0_231\jre\lib\ext\jaccess.jar;C:\Program Files\Java\jdk1.8.0_231\jre\lib\ext\jfxrt.jar;C:\Program Files\Java\jdk1.8.0_231\jre\lib\ext\localedata.jar;C:\Program Files\Java\jdk1.8.0_231\jre\lib\ext\nashorn.jar;C:\Program Files\Java\jdk1.8.0_231\jre\lib\ext\sunec.jar;C:\Program Files\Java\jdk1.8.0_231\jre\lib\ext\sunjce_provider.jar;C:\Program Files\Java\jdk1.8.0_231\jre\lib\ext\sunmscapi.jar;C:\Program Files\Java\jdk1.8.0_231\jre\lib\ext\sunpkcs11.jar;C:\Program Files\Java\jdk1.8.0_231\jre\lib\ext\zipfs.jar;C:\Program Files\Java\jdk1.8.0_231\jre\lib\javaws.jar;C:\Program Files\Java\jdk1.8.0_231\jre\lib\jce.jar;C:\Program Files\Java\jdk1.8.0_231\jre\lib\jfr.jar;C:\Program Files\Java\jdk1.8.0_231\jre\lib\jfxswt.jar;C:\Program Files\Java\jdk1.8.0_231\jre\lib\jsse.jar;C:\Program Files\Java\jdk1.8.0_231\jre\lib\management-agent.jar;C:\Program Files\Java\jdk1.8.0_231\jre\lib\plugin.jar;C:\Program Files\Java\jdk1.8.0_231\jre\lib\resources.jar;C:\Program Files\Java\jdk1.8.0_231\jre\lib\rt.jar;H:\leadGenNotSVN\testCaseDpointCamunda\target\classes;C:\Users\tejap\.m2\repository\org\camunda\bpm\springboot\camunda-bpm-spring-boot-starter-webapp\3.4.0\camunda-bpm-spring-boot-starter-webapp-3.4.0.jar;C:\Users\tejap\.m2\repository\org\camunda\bpm\springboot\camunda-bpm-spring-boot-starter-webapp-core\3.4.0\camunda-bpm-spring-boot-starter-webapp-core-3.4.0.jar;C:\Users\tejap\.m2\repository\org\camunda\bpm\webapp\camunda-webapp\7.12.0\camunda-webapp-7.12.0-classes.jar;C:\Users\tejap\.m2\repository\org\springframework\boot\spring-boot-starter-web\2.2.1.RELEASE\spring-boot-starter-web-2.2.1.RELEASE.jar;C:\Users\tejap\.m2\repository\org\sprin
Launcher Type: SUN_STANDARD

Environment Variables:
JAVA_HOME=C:\Program Files\Java\jdk1.8.0_231
USERNAME=tejap
OS=Windows_NT
PROCESSOR_IDENTIFIER=Intel64 Family 6 Model 78 Stepping 3, GenuineIntel



---------------  S Y S T E M  ---------------

OS: Windows 10.0 , 64 bit Build 18362 (10.0.18362.959)

CPU:total 4 (initial active 4) (2 cores per cpu, 2 threads per core) family 6 model 78 stepping 3, cmov, cx8, fxsr, mmx, sse, sse2, sse3, ssse3, sse4.1, sse4.2, popcnt, avx, avx2, aes, clmul, erms, 3dnowpref, lzcnt, ht, tsc, tscinvbit, bmi1, bmi2, adx

Memory: 4k page, physical 16613640k(5085364k free), swap 18661640k(5328k free)

vm_info: Java HotSpot(TM) 64-Bit Server VM (25.231-b11) for windows-amd64 JRE (1.8.0_231-b11), built on Oct  5 2019 03:11:30 by "java_re" with MS VC++ 10.0 (VS2010)

time: Sat Sep 05 03:47:10 2020
timezone: India Standard Time
elapsed time: 19 seconds (0d 0h 0m 19s)

